 KPT            1  SPIN            1  KWEIGHT   0.500000000000000     
   -24.44784     2.00000
   -24.35839     2.00000
   -24.35288     2.00000
   -24.25990     2.00000
   -24.12428     2.00000
   -24.04213     2.00000
   -23.99611     2.00000
   -23.91955     2.00000
   -23.89967     2.00000
   -23.89374     2.00000
   -23.88015     2.00000
   -23.85849     2.00000
   -23.85049     2.00000
   -23.80014     2.00000
   -23.78798     2.00000
   -23.74256     2.00000
   -23.73059     2.00000
   -23.67745     2.00000
   -12.06891     2.00000
   -11.97832     2.00000
   -11.91375     2.00000
   -11.82089     2.00000
   -11.66263     2.00000
   -11.44607     2.00000
   -11.42692     2.00000
   -11.27376     2.00000
   -11.25542     2.00000
   -11.19307     2.00000
   -11.18047     2.00000
   -11.13969     2.00000
   -11.12606     2.00000
   -11.05991     2.00000
   -10.88350     2.00000
   -10.84825     2.00000
   -10.70017     2.00000
   -10.58183     2.00000
   -10.53906     2.00000
   -10.53398     2.00000
   -10.44365     2.00000
   -10.40507     2.00000
   -10.36487     2.00000
   -10.36025     2.00000
   -10.32398     2.00000
   -10.29552     2.00000
   -10.27190     2.00000
   -10.20980     2.00000
   -10.01259     2.00000
    -9.92266     2.00000
    -9.83772     2.00000
    -9.80896     2.00000
    -9.80578     2.00000
    -9.68171     2.00000
    -9.65314     2.00000
    -9.63256     2.00000
    -9.57435     2.00000
    -9.56577     2.00000
    -9.47127     2.00000
    -9.46310     2.00000
    -9.35552     2.00000
    -9.34032     2.00000
    -9.26022     2.00000
    -9.24586     2.00000
    -9.04880     2.00000
    -9.00181     2.00000
    -8.95246     2.00000
    -8.93328     2.00000
    -8.88186     2.00000
    -8.83082     2.00000
    -8.80183     2.00000
    -8.79183     2.00000
    -8.73146     2.00000
    -8.68132     2.00000
    -4.86338     0.00000
    -4.42633     0.00000
    -4.42633     0.00000
    -4.41805     0.00000
    -4.41634     0.00000
    -4.41633     0.00000
    -4.03036     0.00000
    -3.98284     0.00000
    -3.95834     0.00000
    -3.86618     0.00000
    -3.81777     0.00000
    -3.80610     0.00000
    -3.76483     0.00000
    -3.70218     0.00000
    -3.55181     0.00000
    -3.47606     0.00000
    -3.44755     0.00000
    -3.38342     0.00000
    -3.37061     0.00000
    -3.26750     0.00000
    -3.19842     0.00000
    -3.19701     0.00000
    -3.15706     0.00000
    -3.13780     0.00000
    -3.04983     0.00000
    -3.01980     0.00000
    -2.89084     0.00000
    -2.88098     0.00000
    -2.75028     0.00000
    -2.71842     0.00000
    -2.41833     0.00000
    -2.37487     0.00000
    -2.36352     0.00000
    -2.29174     0.00000
    -2.25555     0.00000
    -1.78682     0.00000
    -1.46630     0.00000
    -1.46574     0.00000
    -0.74177     0.00000
    -0.74056     0.00000
    -0.56551     0.00000
    -0.43450     0.00000
     0.29902     0.00000
     0.58697     0.00000
     1.08721     0.00000
     1.10172     0.00000
     1.35142     0.00000
     1.51753     0.00000
     1.77530     0.00000
     5.34547     0.00000
     5.94586     0.00000
     5.97296     0.00000
     6.65650     0.00000
     7.93822     0.00000
     8.31289     0.00000
     8.40802     0.00000
     8.91963     0.00000
    12.45669     0.00000
    12.51715     0.00000
    12.53606     0.00000
    12.58123     0.00000
    12.83545     0.00000
    12.99582     0.00000
    13.10438     0.00000
    13.23315     0.00000
    13.30154     0.00000
    13.78040     0.00000
    13.89589     0.00000
    14.11152     0.00000
    14.18904     0.00000
    14.34812     0.00000
    15.06303     0.00000
    15.36875     0.00000
    15.59773     0.00000
    15.78843     0.00000
    15.91400     0.00000
    16.49652     0.00000
    16.87099     0.00000
    16.95568     0.00000
    17.48952     0.00000
    18.58616     0.00000
 
 KPT            2  SPIN            1  KWEIGHT   0.500000000000000     
   -24.44784     2.00000
   -24.35839     2.00000
   -24.35288     2.00000
   -24.25990     2.00000
   -24.12428     2.00000
   -24.04213     2.00000
   -23.99611     2.00000
   -23.91955     2.00000
   -23.89967     2.00000
   -23.89374     2.00000
   -23.88015     2.00000
   -23.85849     2.00000
   -23.85049     2.00000
   -23.80014     2.00000
   -23.78798     2.00000
   -23.74256     2.00000
   -23.73059     2.00000
   -23.67745     2.00000
   -12.06891     2.00000
   -11.97832     2.00000
   -11.91375     2.00000
   -11.82089     2.00000
   -11.66263     2.00000
   -11.44607     2.00000
   -11.42692     2.00000
   -11.27376     2.00000
   -11.25542     2.00000
   -11.19307     2.00000
   -11.18047     2.00000
   -11.13969     2.00000
   -11.12606     2.00000
   -11.05991     2.00000
   -10.88350     2.00000
   -10.84825     2.00000
   -10.70017     2.00000
   -10.58183     2.00000
   -10.53906     2.00000
   -10.53398     2.00000
   -10.44365     2.00000
   -10.40507     2.00000
   -10.36487     2.00000
   -10.36025     2.00000
   -10.32398     2.00000
   -10.29552     2.00000
   -10.27190     2.00000
   -10.20980     2.00000
   -10.01259     2.00000
    -9.92266     2.00000
    -9.83772     2.00000
    -9.80896     2.00000
    -9.80578     2.00000
    -9.68171     2.00000
    -9.65314     2.00000
    -9.63256     2.00000
    -9.57435     2.00000
    -9.56577     2.00000
    -9.47127     2.00000
    -9.46310     2.00000
    -9.35552     2.00000
    -9.34032     2.00000
    -9.26022     2.00000
    -9.24586     2.00000
    -9.04880     2.00000
    -9.00181     2.00000
    -8.95246     2.00000
    -8.93328     2.00000
    -8.88186     2.00000
    -8.83082     2.00000
    -8.80183     2.00000
    -8.79183     2.00000
    -8.73146     2.00000
    -8.68132     2.00000
    -4.86338     0.00000
    -4.42633     0.00000
    -4.42633     0.00000
    -4.41805     0.00000
    -4.41634     0.00000
    -4.41633     0.00000
    -4.03036     0.00000
    -3.98284     0.00000
    -3.95834     0.00000
    -3.86618     0.00000
    -3.81777     0.00000
    -3.80610     0.00000
    -3.76483     0.00000
    -3.70218     0.00000
    -3.55181     0.00000
    -3.47606     0.00000
    -3.44755     0.00000
    -3.38342     0.00000
    -3.37061     0.00000
    -3.26750     0.00000
    -3.19842     0.00000
    -3.19701     0.00000
    -3.15706     0.00000
    -3.13780     0.00000
    -3.04983     0.00000
    -3.01980     0.00000
    -2.89084     0.00000
    -2.88098     0.00000
    -2.75028     0.00000
    -2.71842     0.00000
    -2.41833     0.00000
    -2.37487     0.00000
    -2.36352     0.00000
    -2.29174     0.00000
    -2.25555     0.00000
    -1.78682     0.00000
    -1.46630     0.00000
    -1.46574     0.00000
    -0.74177     0.00000
    -0.74056     0.00000
    -0.56551     0.00000
    -0.43450     0.00000
     0.29902     0.00000
     0.58697     0.00000
     1.08721     0.00000
     1.10172     0.00000
     1.35142     0.00000
     1.51753     0.00000
     1.77530     0.00000
     5.34547     0.00000
     5.94586     0.00000
     5.97296     0.00000
     6.65650     0.00000
     7.93822     0.00000
     8.31289     0.00000
     8.40802     0.00000
     8.91963     0.00000
    12.45669     0.00000
    12.51715     0.00000
    12.53606     0.00000
    12.58123     0.00000
    12.83545     0.00000
    12.99582     0.00000
    13.10438     0.00000
    13.23315     0.00000
    13.30154     0.00000
    13.78040     0.00000
    13.89589     0.00000
    14.11152     0.00000
    14.18904     0.00000
    14.34812     0.00000
    15.06303     0.00000
    15.36875     0.00000
    15.59773     0.00000
    15.78843     0.00000
    15.91400     0.00000
    16.49652     0.00000
    16.87099     0.00000
    16.95568     0.00000
    17.48952     0.00000
    18.58616     0.00000
 
