========= Job started  at Wed Sep 12 22:43:41 CEST 2018 ==========
/home/machri/TiO2/BH/FW
Settings:
Using machine learning: False
Using the fireworkspertubation
Basinhoping started
#====================Iteration 0====================#
        Number of pertubed atoms: 3
        Relaxation took  22.79 s
        Best energy: -1920.81 eV
        Cand. energy: -1917.20 eV
#====================Iteration 1====================#
        Number of pertubed atoms: 1
        Relaxation took   9.44 s
        Best energy: -1922.05 eV
        Cand. energy: -1922.05 eV
#====================Iteration 2====================#
        Number of pertubed atoms: 2
        Relaxation took  17.69 s
        Best energy: -1923.14 eV
        Cand. energy: -1923.14 eV
#====================Iteration 3====================#
        Number of pertubed atoms: 3
        Relaxation took  27.54 s
        Best energy: -1923.14 eV
        Cand. energy: -1908.27 eV
#====================Iteration 4====================#
        Number of pertubed atoms: 5
        Relaxation took  13.76 s
        Best energy: -1923.14 eV
        Cand. energy: -1915.41 eV
#====================Iteration 5====================#
        Number of pertubed atoms: 2
        Relaxation took  15.24 s
        Best energy: -1923.14 eV
        Cand. energy: -1921.68 eV
#====================Iteration 6====================#
        Number of pertubed atoms: 1
        Relaxation took  17.51 s
        Best energy: -1923.19 eV
        Cand. energy: -1923.19 eV
#====================Iteration 7====================#
        Number of pertubed atoms: 1
        Relaxation took   9.35 s
        Best energy: -1926.22 eV
        Cand. energy: -1926.22 eV
#====================Iteration 8====================#
        Number of pertubed atoms: 3
        Relaxation took   8.39 s
        Best energy: -1926.22 eV
        Cand. energy: -1924.43 eV
#====================Iteration 9====================#
        Number of pertubed atoms: 1
        Relaxation took   7.76 s
        Best energy: -1926.22 eV
        Cand. energy: -1921.46 eV
#====================Iteration 10====================#
        Number of pertubed atoms: 1
        Relaxation took  11.34 s
        Best energy: -1926.22 eV
        Cand. energy: -1924.05 eV
#====================Iteration 11====================#
        Number of pertubed atoms: 3
        Relaxation took  20.07 s
        Best energy: -1926.22 eV
        Cand. energy: -1914.89 eV
#====================Iteration 12====================#
        Number of pertubed atoms: 1
        Relaxation took  18.64 s
        Best energy: -1926.54 eV
        Cand. energy: -1926.54 eV
#====================Iteration 13====================#
        Number of pertubed atoms: 3
        Relaxation took   9.95 s
        Best energy: -1926.54 eV
        Cand. energy: -1916.82 eV
#====================Iteration 14====================#
        Number of pertubed atoms: 6
        Relaxation took  24.53 s
        Best energy: -1926.54 eV
        Cand. energy: -1921.49 eV
#====================Iteration 15====================#
        Number of pertubed atoms: 4
        Relaxation took  14.44 s
        Best energy: -1926.54 eV
        Cand. energy: -1917.00 eV
#====================Iteration 16====================#
        Number of pertubed atoms: 1
        Relaxation took   6.56 s
        Best energy: -1926.54 eV
        Cand. energy: -1926.52 eV
#====================Iteration 17====================#
        Number of pertubed atoms: 5
        Relaxation took  16.64 s
        Best energy: -1926.54 eV
        Cand. energy: -1910.93 eV
#====================Iteration 18====================#
        Number of pertubed atoms: 5
        Relaxation took  21.42 s
        Best energy: -1926.54 eV
        Cand. energy: -1917.51 eV
#====================Iteration 19====================#
        Number of pertubed atoms: 1
        Relaxation took   6.76 s
        Best energy: -1926.54 eV
        Cand. energy: -1924.90 eV
#====================Iteration 20====================#
        Number of pertubed atoms: 1
        Relaxation took   8.34 s
        Best energy: -1926.54 eV
        Cand. energy: -1918.57 eV
#====================Iteration 21====================#
        Number of pertubed atoms: 4
        Relaxation took  15.70 s
        Best energy: -1926.54 eV
        Cand. energy: -1919.37 eV
#====================Iteration 22====================#
        Number of pertubed atoms: 2
        Relaxation took   8.56 s
        Best energy: -1926.54 eV
        Cand. energy: -1920.62 eV
#====================Iteration 23====================#
        Number of pertubed atoms: 2
        Relaxation took   9.89 s
        Best energy: -1926.54 eV
        Cand. energy: -1924.94 eV
#====================Iteration 24====================#
        Number of pertubed atoms: 3
        Relaxation took   7.86 s
        Best energy: -1926.54 eV
        Cand. energy: -1924.32 eV
#====================Iteration 25====================#
        Number of pertubed atoms: 1
        Relaxation took   8.35 s
        Best energy: -1926.54 eV
        Cand. energy: -1926.54 eV
#====================Iteration 26====================#
        Number of pertubed atoms: 4
        Relaxation took  18.63 s
        Best energy: -1926.54 eV
        Cand. energy: -1926.24 eV
#====================Iteration 27====================#
        Number of pertubed atoms: 3
        Relaxation took  27.45 s
        Best energy: -1926.54 eV
        Cand. energy: -1919.41 eV
#====================Iteration 28====================#
        Number of pertubed atoms: 2
        Relaxation took   8.96 s
        Best energy: -1926.54 eV
        Cand. energy: -1926.54 eV
#====================Iteration 29====================#
        Number of pertubed atoms: 2
        Relaxation took  10.26 s
        Best energy: -1926.54 eV
        Cand. energy: -1916.79 eV
#====================Iteration 30====================#
        Number of pertubed atoms: 1
        Relaxation took  12.19 s
        Best energy: -1926.54 eV
        Cand. energy: -1923.32 eV
#====================Iteration 31====================#
        Number of pertubed atoms: 2
        Relaxation took   9.55 s
        Best energy: -1926.54 eV
        Cand. energy: -1913.90 eV
#====================Iteration 32====================#
        Number of pertubed atoms: 1
        Relaxation took   7.49 s
        Best energy: -1926.54 eV
        Cand. energy: -1918.54 eV
#====================Iteration 33====================#
        Number of pertubed atoms: 4
        Relaxation took  22.47 s
        Best energy: -1926.54 eV
        Cand. energy: -1917.70 eV
#====================Iteration 34====================#
        Number of pertubed atoms: 1
        Relaxation took   7.93 s
        Best energy: -1926.54 eV
        Cand. energy: -1922.04 eV
#====================Iteration 35====================#
        Number of pertubed atoms: 3
        Relaxation took  23.82 s
        Best energy: -1926.54 eV
        Cand. energy: -1918.82 eV
#====================Iteration 36====================#
        Number of pertubed atoms: 1
        Relaxation took   4.01 s
        Best energy: -1926.54 eV
        Cand. energy: -1922.15 eV
#====================Iteration 37====================#
        Number of pertubed atoms: 1
        Relaxation took   7.49 s
        Best energy: -1926.54 eV
        Cand. energy: -1921.92 eV
#====================Iteration 38====================#
        Number of pertubed atoms: 1
        Relaxation took   5.28 s
        Best energy: -1926.54 eV
        Cand. energy: -1926.54 eV
#====================Iteration 39====================#
        Number of pertubed atoms: 2
        Relaxation took  22.52 s
        Best energy: -1926.54 eV
        Cand. energy: -1920.56 eV
#====================Iteration 40====================#
        Number of pertubed atoms: 2
        Relaxation took   9.17 s
        Best energy: -1926.54 eV
        Cand. energy: -1926.36 eV
#====================Iteration 41====================#
        Number of pertubed atoms: 5
        Relaxation took  30.19 s
        Best energy: -1926.54 eV
        Cand. energy: -1921.81 eV
#====================Iteration 42====================#
        Number of pertubed atoms: 1
        Relaxation took  11.23 s
        Best energy: -1926.54 eV
        Cand. energy: -1921.95 eV
#====================Iteration 43====================#
        Number of pertubed atoms: 4
        Relaxation took  15.36 s
        Best energy: -1926.54 eV
        Cand. energy: -1916.14 eV
#====================Iteration 44====================#
        Number of pertubed atoms: 3
        Relaxation took  10.26 s
        Best energy: -1926.54 eV
        Cand. energy: -1923.89 eV
#====================Iteration 45====================#
        Number of pertubed atoms: 2
        Relaxation took  15.29 s
        Best energy: -1926.54 eV
        Cand. energy: -1920.17 eV
#====================Iteration 46====================#
        Number of pertubed atoms: 4
        Relaxation took  15.46 s
        Best energy: -1926.54 eV
        Cand. energy: -1918.23 eV
#====================Iteration 47====================#
        Number of pertubed atoms: 1
        Relaxation took   3.62 s
        Best energy: -1926.54 eV
        Cand. energy: -1922.15 eV
#====================Iteration 48====================#
        Number of pertubed atoms: 1
        Relaxation took   8.98 s
        Best energy: -1926.54 eV
        Cand. energy: -1926.54 eV
#====================Iteration 49====================#
        Number of pertubed atoms: 2
        Relaxation took   7.96 s
        Best energy: -1926.54 eV
        Cand. energy: -1925.36 eV
#====================Iteration 50====================#
        Number of pertubed atoms: 2
        Relaxation took  34.67 s
        Best energy: -1926.54 eV
        Cand. energy: -1918.64 eV
#====================Iteration 51====================#
        Number of pertubed atoms: 1
        Relaxation took   7.84 s
        Best energy: -1926.54 eV
        Cand. energy: -1917.88 eV
#====================Iteration 52====================#
        Number of pertubed atoms: 1
        Relaxation took   6.16 s
        Best energy: -1926.54 eV
        Cand. energy: -1925.40 eV
#====================Iteration 53====================#
        Number of pertubed atoms: 4
        Relaxation took  19.91 s
        Best energy: -1926.54 eV
        Cand. energy: -1916.41 eV
#====================Iteration 54====================#
        Number of pertubed atoms: 2
        Relaxation took  11.83 s
        Best energy: -1926.54 eV
        Cand. energy: -1923.32 eV
#====================Iteration 55====================#
        Number of pertubed atoms: 1
        Relaxation took   4.10 s
        Best energy: -1926.54 eV
        Cand. energy: -1919.36 eV
#====================Iteration 56====================#
        Number of pertubed atoms: 3
        Relaxation took   5.71 s
        Best energy: -1926.54 eV
        Cand. energy: -1915.45 eV
#====================Iteration 57====================#
        Number of pertubed atoms: 2
        Relaxation took  15.23 s
        Best energy: -1926.54 eV
        Cand. energy: -1925.82 eV
#====================Iteration 58====================#
        Number of pertubed atoms: 1
        Relaxation took   8.91 s
        Best energy: -1926.54 eV
        Cand. energy: -1926.22 eV
#====================Iteration 59====================#
        Number of pertubed atoms: 3
        Relaxation took  12.01 s
        Best energy: -1926.54 eV
        Cand. energy: -1920.10 eV
#====================Iteration 60====================#
        Number of pertubed atoms: 1
        Relaxation took  10.30 s
        Best energy: -1926.54 eV
        Cand. energy: -1922.72 eV
#====================Iteration 61====================#
        Number of pertubed atoms: 1
        Relaxation took  13.63 s
        Best energy: -1926.54 eV
        Cand. energy: -1926.54 eV
#====================Iteration 62====================#
        Number of pertubed atoms: 2
        Relaxation took   7.62 s
        Best energy: -1926.54 eV
        Cand. energy: -1920.57 eV
#====================Iteration 63====================#
        Number of pertubed atoms: 2
        Relaxation took  10.24 s
        Best energy: -1926.54 eV
        Cand. energy: -1916.40 eV
#====================Iteration 64====================#
        Number of pertubed atoms: 1
        Relaxation took   9.30 s
        Best energy: -1926.54 eV
        Cand. energy: -1922.04 eV
#====================Iteration 65====================#
        Number of pertubed atoms: 3
        Relaxation took   8.72 s
        Best energy: -1926.54 eV
        Cand. energy: -1918.91 eV
#====================Iteration 66====================#
        Number of pertubed atoms: 3
        Relaxation took  16.55 s
        Best energy: -1926.54 eV
        Cand. energy: -1922.92 eV
#====================Iteration 67====================#
        Number of pertubed atoms: 1
        Relaxation took   6.18 s
        Best energy: -1926.54 eV
        Cand. energy: -1925.97 eV
#====================Iteration 68====================#
        Number of pertubed atoms: 1
        Relaxation took   8.49 s
        Best energy: -1927.40 eV
        Cand. energy: -1927.40 eV
#====================Iteration 69====================#
        Number of pertubed atoms: 3
        Relaxation took  10.13 s
        Best energy: -1927.40 eV
        Cand. energy: -1921.79 eV
#====================Iteration 70====================#
        Number of pertubed atoms: 4
        Relaxation took  19.22 s
        Best energy: -1927.40 eV
        Cand. energy: -1918.68 eV
#====================Iteration 71====================#
        Number of pertubed atoms: 4
        Relaxation took   9.51 s
        Best energy: -1927.40 eV
        Cand. energy: -1926.21 eV
#====================Iteration 72====================#
        Number of pertubed atoms: 1
        Relaxation took   5.08 s
        Best energy: -1927.40 eV
        Cand. energy: -1927.40 eV
#====================Iteration 73====================#
        Number of pertubed atoms: 2
        Relaxation took  13.45 s
        Best energy: -1927.40 eV
        Cand. energy: -1921.96 eV
#====================Iteration 74====================#
        Number of pertubed atoms: 2
        Relaxation took   8.70 s
        Best energy: -1927.40 eV
        Cand. energy: -1925.20 eV
#====================Iteration 75====================#
        Number of pertubed atoms: 3
        Relaxation took  15.09 s
        Best energy: -1927.40 eV
        Cand. energy: -1922.11 eV
#====================Iteration 76====================#
        Number of pertubed atoms: 4
        Relaxation took   9.69 s
        Best energy: -1927.40 eV
        Cand. energy: -1910.16 eV
#====================Iteration 77====================#
        Number of pertubed atoms: 1
        Relaxation took  17.96 s
        Best energy: -1927.40 eV
        Cand. energy: -1921.27 eV
#====================Iteration 78====================#
        Number of pertubed atoms: 1
        Relaxation took   2.38 s
        Best energy: -1927.40 eV
        Cand. energy: -1920.99 eV
#====================Iteration 79====================#
        Number of pertubed atoms: 1
        Relaxation took  10.84 s
        Best energy: -1927.40 eV
        Cand. energy: -1926.41 eV
#====================Iteration 80====================#
        Number of pertubed atoms: 3
        Relaxation took   8.32 s
        Best energy: -1927.40 eV
        Cand. energy: -1918.50 eV
#====================Iteration 81====================#
        Number of pertubed atoms: 2
        Relaxation took  28.01 s
        Best energy: -1927.40 eV
        Cand. energy: -1918.78 eV
#====================Iteration 82====================#
        Number of pertubed atoms: 2
        Relaxation took   9.24 s
        Best energy: -1927.40 eV
        Cand. energy: -1916.11 eV
#====================Iteration 83====================#
        Number of pertubed atoms: 1
        Relaxation took   7.56 s
        Best energy: -1927.40 eV
        Cand. energy: -1921.73 eV
#====================Iteration 84====================#
        Number of pertubed atoms: 4
        Relaxation took  23.98 s
        Best energy: -1927.40 eV
        Cand. energy: -1919.87 eV
#====================Iteration 85====================#
        Number of pertubed atoms: 1
        Relaxation took  17.12 s
        Best energy: -1927.86 eV
        Cand. energy: -1927.86 eV
#====================Iteration 86====================#
        Number of pertubed atoms: 3
        Relaxation took  12.09 s
        Best energy: -1927.86 eV
        Cand. energy: -1921.54 eV
#====================Iteration 87====================#
        Number of pertubed atoms: 1
        Relaxation took   6.92 s
        Best energy: -1927.86 eV
        Cand. energy: -1925.30 eV
#====================Iteration 88====================#
        Number of pertubed atoms: 1
        Relaxation took  10.45 s
        Best energy: -1927.86 eV
        Cand. energy: -1924.28 eV
#====================Iteration 89====================#
        Number of pertubed atoms: 2
        Relaxation took  19.25 s
        Best energy: -1927.86 eV
        Cand. energy: -1917.64 eV
#====================Iteration 90====================#
        Number of pertubed atoms: 4
        Relaxation took  19.61 s
        Best energy: -1927.86 eV
        Cand. energy: -1919.75 eV
#====================Iteration 91====================#
        Number of pertubed atoms: 3
        Relaxation took  23.24 s
        Best energy: -1927.86 eV
        Cand. energy: -1924.77 eV
#====================Iteration 92====================#
        Number of pertubed atoms: 8
        Relaxation took   8.18 s
        Best energy: -1927.86 eV
        Cand. energy: -1899.93 eV
#====================Iteration 93====================#
        Number of pertubed atoms: 3
        Relaxation took   7.89 s
        Best energy: -1927.86 eV
        Cand. energy: -1921.00 eV
#====================Iteration 94====================#
        Number of pertubed atoms: 1
        Relaxation took   9.70 s
        Best energy: -1927.86 eV
        Cand. energy: -1925.47 eV
#====================Iteration 95====================#
        Number of pertubed atoms: 1
        Relaxation took   8.39 s
        Best energy: -1927.86 eV
        Cand. energy: -1920.03 eV
#====================Iteration 96====================#
        Number of pertubed atoms: 1
        Relaxation took   8.40 s
        Best energy: -1927.86 eV
        Cand. energy: -1925.55 eV
#====================Iteration 97====================#
        Number of pertubed atoms: 1
        Relaxation took  18.17 s
        Best energy: -1929.50 eV
        Cand. energy: -1929.50 eV
#====================Iteration 98====================#
        Number of pertubed atoms: 1
        Relaxation took   8.12 s
        Best energy: -1929.50 eV
        Cand. energy: -1927.18 eV
#====================Iteration 99====================#
        Number of pertubed atoms: 3
        Relaxation took  14.45 s
        Best energy: -1929.50 eV
        Cand. energy: -1928.11 eV
#====================Iteration 100====================#
        Number of pertubed atoms: 3
        Relaxation took  10.19 s
        Best energy: -1929.50 eV
        Cand. energy: -1918.71 eV
#====================Iteration 101====================#
        Number of pertubed atoms: 7
        Relaxation took  15.58 s
        Best energy: -1929.50 eV
        Cand. energy: -1911.11 eV
#====================Iteration 102====================#
        Number of pertubed atoms: 1
        Relaxation took  11.35 s
        Best energy: -1929.50 eV
        Cand. energy: -1927.58 eV
#====================Iteration 103====================#
        Number of pertubed atoms: 1
        Relaxation took   9.72 s
        Best energy: -1930.08 eV
        Cand. energy: -1930.08 eV
#====================Iteration 104====================#
        Number of pertubed atoms: 1
        Relaxation took  23.12 s
        Best energy: -1930.08 eV
        Cand. energy: -1929.63 eV
#====================Iteration 105====================#
        Number of pertubed atoms: 1
        Relaxation took   9.72 s
        Best energy: -1930.08 eV
        Cand. energy: -1926.74 eV
#====================Iteration 106====================#
        Number of pertubed atoms: 2
        Relaxation took  10.06 s
        Best energy: -1930.08 eV
        Cand. energy: -1922.36 eV
#====================Iteration 107====================#
        Number of pertubed atoms: 1
        Relaxation took   6.56 s
        Best energy: -1930.08 eV
        Cand. energy: -1924.43 eV
#====================Iteration 108====================#
        Number of pertubed atoms: 2
        Relaxation took  12.03 s
        Best energy: -1930.08 eV
        Cand. energy: -1919.53 eV
#====================Iteration 109====================#
        Number of pertubed atoms: 1
        Relaxation took   8.85 s
        Best energy: -1930.08 eV
        Cand. energy: -1923.48 eV
#====================Iteration 110====================#
        Number of pertubed atoms: 2
        Relaxation took  17.28 s
        Best energy: -1930.08 eV
        Cand. energy: -1927.67 eV
#====================Iteration 111====================#
        Number of pertubed atoms: 2
        Relaxation took   7.58 s
        Best energy: -1930.08 eV
        Cand. energy: -1918.26 eV
#====================Iteration 112====================#
        Number of pertubed atoms: 2
        Relaxation took   5.86 s
        Best energy: -1930.08 eV
        Cand. energy: -1919.92 eV
#====================Iteration 113====================#
        Number of pertubed atoms: 5
        Relaxation took  11.74 s
        Best energy: -1930.08 eV
        Cand. energy: -1921.07 eV
#====================Iteration 114====================#
        Number of pertubed atoms: 2
        Relaxation took  12.05 s
        Best energy: -1930.08 eV
        Cand. energy: -1924.55 eV
#====================Iteration 115====================#
        Number of pertubed atoms: 3
        Relaxation took  28.26 s
        Best energy: -1930.08 eV
        Cand. energy: -1928.68 eV
#====================Iteration 116====================#
        Number of pertubed atoms: 2
        Relaxation took  10.57 s
        Best energy: -1930.08 eV
        Cand. energy: -1918.41 eV
#====================Iteration 117====================#
        Number of pertubed atoms: 2
        Relaxation took  16.61 s
        Best energy: -1932.42 eV
        Cand. energy: -1932.42 eV
#====================Iteration 118====================#
        Number of pertubed atoms: 2
        Relaxation took   6.07 s
        Best energy: -1932.42 eV
        Cand. energy: -1925.04 eV
#====================Iteration 119====================#
        Number of pertubed atoms: 1
        Relaxation took   7.93 s
        Best energy: -1932.42 eV
        Cand. energy: -1924.03 eV
#====================Iteration 120====================#
        Number of pertubed atoms: 1
        Relaxation took   6.25 s
        Best energy: -1932.42 eV
        Cand. energy: -1924.56 eV
#====================Iteration 121====================#
        Number of pertubed atoms: 6
        Relaxation took  13.46 s
        Best energy: -1932.42 eV
        Cand. energy: -1922.59 eV
#====================Iteration 122====================#
        Number of pertubed atoms: 2
        Relaxation took   9.70 s
        Best energy: -1932.42 eV
        Cand. energy: -1924.22 eV
#====================Iteration 123====================#
        Number of pertubed atoms: 2
        Relaxation took   6.85 s
        Best energy: -1932.42 eV
        Cand. energy: -1927.53 eV
#====================Iteration 124====================#
        Number of pertubed atoms: 1
        Relaxation took   6.10 s
        Best energy: -1932.42 eV
        Cand. energy: -1928.86 eV
#====================Iteration 125====================#
        Number of pertubed atoms: 1
        Relaxation took   5.50 s
        Best energy: -1932.42 eV
        Cand. energy: -1929.39 eV
#====================Iteration 126====================#
        Number of pertubed atoms: 3
        Relaxation took   7.95 s
        Best energy: -1932.42 eV
        Cand. energy: -1912.10 eV
#====================Iteration 127====================#
        Number of pertubed atoms: 1
        Relaxation took   9.58 s
        Best energy: -1932.42 eV
        Cand. energy: -1927.36 eV
#====================Iteration 128====================#
        Number of pertubed atoms: 4
        Relaxation took  15.41 s
        Best energy: -1932.42 eV
        Cand. energy: -1917.73 eV
#====================Iteration 129====================#
        Number of pertubed atoms: 2
        Relaxation took   5.04 s
        Best energy: -1932.42 eV
        Cand. energy: -1920.41 eV
#====================Iteration 130====================#
        Number of pertubed atoms: 2
        Relaxation took   6.34 s
        Best energy: -1933.47 eV
        Cand. energy: -1933.47 eV
Saved some stuff
cp: cannot stat ‘*.fail’: No such file or directory
========= Job finished at Wed Sep 12 23:11:34 CEST 2018 ==========
