 Fermi distribution function
 
 Coordinates of moved atoms (au):
    1      0.00000000      3.71886736     15.81073665
    2      0.00000000      0.00000000     15.13093478
    3      3.71886736      3.71886736     16.49053852
    4      0.00000000     11.15660209     15.81073665
    5      0.00000000      7.43773472     15.13093478
    6      3.71886736     11.15660209     16.49053852
    7      0.00000000     18.59433681     15.81073665
    8      0.00000000     14.87546945     15.13093478
    9      3.71886736     18.59433681     16.49053852
   10      0.00000000     26.03207153     15.81073665
   11      0.00000000     22.31320417     15.13093478
   12      3.71886736     26.03207153     16.49053852
   13      3.48461089     10.64133276     20.71900368
   14      7.43467499      3.52500177     19.50935251
   15      0.03508404     18.85091375     19.50905596
   16      3.71741515      3.50476518     20.12165638
   17      7.43470387     26.22738495     19.50923395
   18      3.69692866     22.72206743     20.99799669
   19      7.40734191      3.64888561     31.23985319
   20      3.35222518     11.24388288     24.16837688
   21      3.35189138     18.50896285     24.16729932
   22      3.48407917     19.11090509     20.71994077
   23      3.71825109      0.00148166     21.19299005
   24      3.69698525      7.03036391     20.99787896
   25      3.71744818     26.24711560     20.12061231
   26      3.79854606     14.87663020     20.37570004
   27      0.03411314     10.90126310     19.50896318
 
 COMPONENT = q
  
 Eigenvalues /H
   -0.89844143   -0.89844143
   -0.89515454   -0.89515454
   -0.89495183   -0.89495183
   -0.89153497   -0.89153497
   -0.88655096   -0.88655096
   -0.88353202   -0.88353202
   -0.88184101   -0.88184101
   -0.87902731   -0.87902731
   -0.87829677   -0.87829677
   -0.87807881   -0.87807881
   -0.87757953   -0.87757953
   -0.87678342   -0.87678342
   -0.87648948   -0.87648948
   -0.87463925   -0.87463925
   -0.87419208   -0.87419208
   -0.87252302   -0.87252302
   -0.87208323   -0.87208323
   -0.87013032   -0.87013032
   -0.44352428   -0.44352428
   -0.44019509   -0.44019509
   -0.43782214   -0.43782214
   -0.43440985   -0.43440985
   -0.42859387   -0.42859387
   -0.42063531   -0.42063531
   -0.41993168   -0.41993168
   -0.41430293   -0.41430293
   -0.41362890   -0.41362890
   -0.41133789   -0.41133789
   -0.41087460   -0.41087460
   -0.40937623   -0.40937623
   -0.40887510   -0.40887510
   -0.40644424   -0.40644424
   -0.39996141   -0.39996141
   -0.39866580   -0.39866580
   -0.39322414   -0.39322414
   -0.38887515   -0.38887515
   -0.38730319   -0.38730319
   -0.38711650   -0.38711650
   -0.38379712   -0.38379712
   -0.38237913   -0.38237913
   -0.38090204   -0.38090204
   -0.38073206   -0.38073206
   -0.37939927   -0.37939927
   -0.37835324   -0.37835324
   -0.37748546   -0.37748546
   -0.37520340   -0.37520340
   -0.36795597   -0.36795597
   -0.36465121   -0.36465121
   -0.36152963   -0.36152963
   -0.36047265   -0.36047265
   -0.36035593   -0.36035593
   -0.35579632   -0.35579632
   -0.35474620   -0.35474620
   -0.35399011   -0.35399011
   -0.35185073   -0.35185073
   -0.35153573   -0.35153573
   -0.34806296   -0.34806296
   -0.34776271   -0.34776271
   -0.34380889   -0.34380889
   -0.34325048   -0.34325048
   -0.34030672   -0.34030672
   -0.33977916   -0.33977916
   -0.33253711   -0.33253711
   -0.33081056   -0.33081056
   -0.32899691   -0.32899691
   -0.32829212   -0.32829212
   -0.32640253   -0.32640253
   -0.32452650   -0.32452650
   -0.32346115   -0.32346115
   -0.32309367   -0.32309367
   -0.32087508   -0.32087508
   -0.31903272   -0.31903272
   -0.17872598   -0.17872598
   -0.16266468   -0.16266468
   -0.16266448   -0.16266448
   -0.16236042   -0.16236042
   -0.16229738   -0.16229738
   -0.16229723   -0.16229723
   -0.14811284   -0.14811284
   -0.14636655   -0.14636655
   -0.14546620   -0.14546620
   -0.14207936   -0.14207936
   -0.14030053   -0.14030053
   -0.13987147   -0.13987147
   -0.13835511   -0.13835511
   -0.13605267   -0.13605267
   -0.13052677   -0.13052677
   -0.12774303   -0.12774303
   -0.12669523   -0.12669523
   -0.12433839   -0.12433839
   -0.12386765   -0.12386765
   -0.12007843   -0.12007843
   -0.11753985   -0.11753985
   -0.11748789   -0.11748789
   -0.11601977   -0.11601977
   -0.11531188   -0.11531188
   -0.11207926   -0.11207926
   -0.11097549   -0.11097549
   -0.10623624   -0.10623624
   -0.10587409   -0.10587409
   -0.10107085   -0.10107085
   -0.09990019   -0.09990019
   -0.08887207   -0.08887207
   -0.08727501   -0.08727501
   -0.08685780   -0.08685780
   -0.08421988   -0.08421988
   -0.08288990   -0.08288990
   -0.06566460   -0.06566460
   -0.05388570   -0.05388570
   -0.05386483   -0.05386483
   -0.02725942   -0.02725942
   -0.02721525   -0.02721525
   -0.02078194   -0.02078194
   -0.01596750   -0.01596750
    0.01098897    0.01098897
    0.02157060    0.02157060
    0.03995440    0.03995440
    0.04048764    0.04048764
    0.04966362    0.04966362
    0.05576815    0.05576815
    0.06524122    0.06524122
    0.19644231    0.19644231
    0.21850635    0.21850635
    0.21950237    0.21950237
    0.24462204    0.24462204
    0.29172416    0.29172416
    0.30549307    0.30549307
    0.30898921    0.30898921
    0.32779045    0.32779045
    0.45777499    0.45777499
    0.45999664    0.45999664
    0.46069186    0.46069186
    0.46235167    0.46235167
    0.47169420    0.47169420
    0.47758769    0.47758769
    0.48157712    0.48157712
    0.48630919    0.48630919
    0.48882247    0.48882247
    0.50642028    0.50642028
    0.51066459    0.51066459
    0.51858897    0.51858897
    0.52143763    0.52143763
    0.52728384    0.52728384
    0.55355602    0.55355602
    0.56479101    0.56479101
    0.57320593    0.57320593
    0.58021417    0.58021417
    0.58482858    0.58482858
    0.60623613    0.60623613
    0.61999758    0.61999758
    0.62310978    0.62310978
    0.64272813    0.64272813
    0.68302866    0.68302866
 
 Eigenvalues /eV
  -24.44783530  -24.44783530
  -24.35839430  -24.35839430
  -24.35287830  -24.35287830
  -24.25990079  -24.25990079
  -24.12427896  -24.12427896
  -24.04212939  -24.04212939
  -23.99611491  -23.99611491
  -23.91955002  -23.91955002
  -23.89967112  -23.89967112
  -23.89374007  -23.89374007
  -23.88015412  -23.88015412
  -23.85849082  -23.85849082
  -23.85049213  -23.85049213
  -23.80014484  -23.80014484
  -23.78797686  -23.78797686
  -23.74255946  -23.74255946
  -23.73059213  -23.73059213
  -23.67745063  -23.67745063
  -12.06890979  -12.06890979
  -11.97831788  -11.97831788
  -11.91374659  -11.91374659
  -11.82089348  -11.82089348
  -11.66263256  -11.66263256
  -11.44606910  -11.44606910
  -11.42692249  -11.42692249
  -11.27375622  -11.27375622
  -11.25541513  -11.25541513
  -11.19307361  -11.19307361
  -11.18046673  -11.18046673
  -11.13969398  -11.13969398
  -11.12605754  -11.12605754
  -11.05991046  -11.05991046
  -10.88350375  -10.88350375
  -10.84824831  -10.84824831
  -10.70017324  -10.70017324
  -10.58183130  -10.58183130
  -10.53905603  -10.53905603
  -10.53397604  -10.53397604
  -10.44365098  -10.44365098
  -10.40506555  -10.40506555
  -10.36487177  -10.36487177
  -10.36024637  -10.36024637
  -10.32397929  -10.32397929
  -10.29551558  -10.29551558
  -10.27190200  -10.27190200
  -10.20980389  -10.20980389
  -10.01259138  -10.01259138
   -9.92266427   -9.92266427
   -9.83772181   -9.83772181
   -9.80895998   -9.80895998
   -9.80578389   -9.80578389
   -9.68171055   -9.68171055
   -9.65313525   -9.65313525
   -9.63256106   -9.63256106
   -9.57434542   -9.57434542
   -9.56577398   -9.56577398
   -9.47127496   -9.47127496
   -9.46310482   -9.46310482
   -9.35551581   -9.35551581
   -9.34032077   -9.34032077
   -9.26021696   -9.26021696
   -9.24586131   -9.24586131
   -9.04879505   -9.04879505
   -9.00181336   -9.00181336
   -8.95246141   -8.95246141
   -8.93328308   -8.93328308
   -8.88186485   -8.88186485
   -8.83081533   -8.83081533
   -8.80182580   -8.80182580
   -8.79182610   -8.79182610
   -8.73145527   -8.73145527
   -8.68132205   -8.68132205
   -4.86338147   -4.86338147
   -4.42633121   -4.42633121
   -4.42632580   -4.42632580
   -4.41805179   -4.41805179
   -4.41633649   -4.41633649
   -4.41633238   -4.41633238
   -4.03035553   -4.03035553
   -3.98283657   -3.98283657
   -3.95833676   -3.95833676
   -3.86617606   -3.86617606
   -3.81777161   -3.81777161
   -3.80609636   -3.80609636
   -3.76483404   -3.76483404
   -3.70218143   -3.70218143
   -3.55181412   -3.55181412
   -3.47606467   -3.47606467
   -3.44755251   -3.44755251
   -3.38341985   -3.38341985
   -3.37061018   -3.37061018
   -3.26750036   -3.26750036
   -3.19842208   -3.19842208
   -3.19700819   -3.19700819
   -3.15705857   -3.15705857
   -3.13779588   -3.13779588
   -3.04983196   -3.04983196
   -3.01979675   -3.01979675
   -2.89083506   -2.89083506
   -2.88098060   -2.88098060
   -2.75027784   -2.75027784
   -2.71842259   -2.71842259
   -2.41833200   -2.41833200
   -2.37487378   -2.37487378
   -2.36352093   -2.36352093
   -2.29173963   -2.29173963
   -2.25554888   -2.25554888
   -1.78682463   -1.78682463
   -1.46630448   -1.46630448
   -1.46573665   -1.46573665
   -0.74176664   -0.74176664
   -0.74056465   -0.74056465
   -0.56550535   -0.56550535
   -0.43449782   -0.43449782
    0.29902499    0.29902499
    0.58696598    0.58696598
    1.08721442    1.08721442
    1.10172468    1.10172468
    1.35141582    1.35141582
    1.51752854    1.51752854
    1.77530397    1.77530397
    5.34546711    5.34546711
    5.94586019    5.94586019
    5.97296336    5.97296336
    6.65650444    6.65650444
    7.93821830    7.93821830
    8.31288942    8.31288942
    8.40802407    8.40802407
    8.91963203    8.91963203
   12.45669116   12.45669116
   12.51714532   12.51714532
   12.53606333   12.53606333
   12.58122900   12.58122900
   12.83545216   12.83545216
   12.99582217   12.99582217
   13.10438018   13.10438018
   13.23314629   13.23314629
   13.30153628   13.30153628
   13.78039700   13.78039700
   13.89589061   13.89589061
   14.11152375   14.11152375
   14.18903974   14.18903974
   14.34812319   14.34812319
   15.06302578   15.06302578
   15.36874542   15.36874542
   15.59772686   15.59772686
   15.78843095   15.78843095
   15.91399533   15.91399533
   16.49652446   16.49652446
   16.87099262   16.87099262
   16.95567984   16.95567984
   17.48952234   17.48952234
   18.58615536   18.58615536
 
 Fillings
     2.00000     2.00000
     2.00000     2.00000
     2.00000     2.00000
     2.00000     2.00000
     2.00000     2.00000
     2.00000     2.00000
     2.00000     2.00000
     2.00000     2.00000
     2.00000     2.00000
     2.00000     2.00000
     2.00000     2.00000
     2.00000     2.00000
     2.00000     2.00000
     2.00000     2.00000
     2.00000     2.00000
     2.00000     2.00000
     2.00000     2.00000
     2.00000     2.00000
     2.00000     2.00000
     2.00000     2.00000
     2.00000     2.00000
     2.00000     2.00000
     2.00000     2.00000
     2.00000     2.00000
     2.00000     2.00000
     2.00000     2.00000
     2.00000     2.00000
     2.00000     2.00000
     2.00000     2.00000
     2.00000     2.00000
     2.00000     2.00000
     2.00000     2.00000
     2.00000     2.00000
     2.00000     2.00000
     2.00000     2.00000
     2.00000     2.00000
     2.00000     2.00000
     2.00000     2.00000
     2.00000     2.00000
     2.00000     2.00000
     2.00000     2.00000
     2.00000     2.00000
     2.00000     2.00000
     2.00000     2.00000
     2.00000     2.00000
     2.00000     2.00000
     2.00000     2.00000
     2.00000     2.00000
     2.00000     2.00000
     2.00000     2.00000
     2.00000     2.00000
     2.00000     2.00000
     2.00000     2.00000
     2.00000     2.00000
     2.00000     2.00000
     2.00000     2.00000
     2.00000     2.00000
     2.00000     2.00000
     2.00000     2.00000
     2.00000     2.00000
     2.00000     2.00000
     2.00000     2.00000
     2.00000     2.00000
     2.00000     2.00000
     2.00000     2.00000
     2.00000     2.00000
     2.00000     2.00000
     2.00000     2.00000
     2.00000     2.00000
     2.00000     2.00000
     2.00000     2.00000
     2.00000     2.00000
     0.00000     0.00000
     0.00000     0.00000
     0.00000     0.00000
     0.00000     0.00000
     0.00000     0.00000
     0.00000     0.00000
     0.00000     0.00000
     0.00000     0.00000
     0.00000     0.00000
     0.00000     0.00000
     0.00000     0.00000
     0.00000     0.00000
     0.00000     0.00000
     0.00000     0.00000
     0.00000     0.00000
     0.00000     0.00000
     0.00000     0.00000
     0.00000     0.00000
     0.00000     0.00000
     0.00000     0.00000
     0.00000     0.00000
     0.00000     0.00000
     0.00000     0.00000
     0.00000     0.00000
     0.00000     0.00000
     0.00000     0.00000
     0.00000     0.00000
     0.00000     0.00000
     0.00000     0.00000
     0.00000     0.00000
     0.00000     0.00000
     0.00000     0.00000
     0.00000     0.00000
     0.00000     0.00000
     0.00000     0.00000
     0.00000     0.00000
     0.00000     0.00000
     0.00000     0.00000
     0.00000     0.00000
     0.00000     0.00000
     0.00000     0.00000
     0.00000     0.00000
     0.00000     0.00000
     0.00000     0.00000
     0.00000     0.00000
     0.00000     0.00000
     0.00000     0.00000
     0.00000     0.00000
     0.00000     0.00000
     0.00000     0.00000
     0.00000     0.00000
     0.00000     0.00000
     0.00000     0.00000
     0.00000     0.00000
     0.00000     0.00000
     0.00000     0.00000
     0.00000     0.00000
     0.00000     0.00000
     0.00000     0.00000
     0.00000     0.00000
     0.00000     0.00000
     0.00000     0.00000
     0.00000     0.00000
     0.00000     0.00000
     0.00000     0.00000
     0.00000     0.00000
     0.00000     0.00000
     0.00000     0.00000
     0.00000     0.00000
     0.00000     0.00000
     0.00000     0.00000
     0.00000     0.00000
     0.00000     0.00000
     0.00000     0.00000
     0.00000     0.00000
     0.00000     0.00000
     0.00000     0.00000
     0.00000     0.00000
     0.00000     0.00000
     0.00000     0.00000
     0.00000     0.00000
 
 Fermi energy:                      -0.3078901503 H           -8.3781 eV
 Band energy:                      -72.1181274935 H        -1962.4341 eV
 TS:                                 0.0000000000 H            0.0000 eV
 Band free energy (E-TS):          -72.1181274935 H        -1962.4341 eV
 Extrapolated E(0K):               -72.1181274935 H        -1962.4341 eV
 
 Energy H0:                        -72.1181274935 H        -1962.4341 eV
 Total Electronic energy:          -72.1181274935 H        -1962.4341 eV
 Repulsive energy:                   1.4002245286 H           38.1020 eV
 Total energy:                     -70.7179029649 H        -1924.3320 eV
 Total Mermin free energy:         -70.7179029649 H        -1924.3320 eV
 
 Non-SCC calculation
 
 Full geometry written in geo_end.{xyz|gen}
 
 Total Forces
 -6.065868375063586E-005 -7.214033809967843E-004  1.310734055213482E-002
  2.329279501089303E-006  3.918288237391759E-006 -5.817294332998921E-003
 -1.765659492827411E-004 -2.626834409758401E-003 -1.621608586831337E-002
 -7.528979194560369E-004 -6.038191257808391E-004  2.609614047940549E-002
 -4.842101906611683E-005 -2.232084697029138E-003 -4.102893195776350E-003
  6.860629897358461E-004 -3.273385128609587E-003 -1.584149787243721E-002
 -7.675160893262139E-004  6.189400475273433E-004  2.614824244059526E-002
 -1.335695751968887E-005  2.437523309237304E-006 -1.386128841843901E-003
  7.217083510625279E-004  3.320234766853402E-003 -1.553910351869135E-002
 -5.992781124685226E-005  7.300544145215091E-004  1.306462923078763E-002
 -4.896119967766554E-005  2.241018474962502E-003 -4.102719022578406E-003
 -1.745210037915450E-004  2.621582034110921E-003 -1.638864145907927E-002
 -1.706906362020782E-004  9.251822923038583E-004  4.624235753575012E-004
  4.296908116231853E-005  1.988767960519472E-006  1.225941122560553E-004
 -1.021168404018238E-004  4.629546097093418E-005 -3.361456471967506E-005
 -3.609544739567542E-005  2.774471276731916E-004  7.408388760229978E-005
  3.953074224258778E-005  5.051271578740239E-006  1.467862292093836E-004
  1.885941701035392E-004 -1.550601264220059E-004  4.244144351444115E-004
  1.285622834052820E-009  1.339899051846779E-008 -9.589576237276392E-007
  2.070737228973274E-004  2.269530678091491E-004 -5.728666867617915E-004
  1.860972768192139E-004 -2.999227619801398E-004 -1.270113929762173E-004
  1.288005818708207E-004 -6.308919363855955E-004 -2.608646819061838E-004
 -1.928996283660934E-004 -3.137863520734542E-004 -2.317709969006099E-005
  1.751449223254299E-004  1.825667737370305E-004  4.500559548619026E-004
 -3.808857555148532E-005  1.123066295857442E-005  4.088883758457118E-004
  2.204926863152035E-005 -3.090442694173763E-004 -1.021132519347700E-004
  2.423560890596407E-004 -4.868218505156563E-005  9.371474130333290E-006
 
 Total stress tensor
     -0.000029697642     -0.000000002018      0.000000604738
     -0.000000002018     -0.000170777853     -0.000000095505
      0.000000603390     -0.000000095501     -0.000003508220
 
 Total lattice derivs
      0.035240968613      0.000002394476     -0.000717617323
      0.000000598808      0.050663761573      0.000028333070
     -0.000133517867      0.000021132408      0.000776297385
 
 Maximal derivative component:       0.261482E-01 au
 Max force for moved atoms::         0.261482E-01 au
 
 Volume:                             0.882605E+04 au^3
 Pressure:                          -0.679946E-04 au    -0.200047E+10 Pa
 
 Geometry converged
 
