================================================================================
==
==   Density Functional based Tight Binding with a lot of extensions (DFTB+)    
==
==                              Release: 1.2 (p1)
==
==                            (ParserVersion = 4)
==
================================================================================


********************************************************************************
** Parsing and initializing
********************************************************************************

Interpreting input file 'dftb_in.hsd'
--------------------------------------------------------------------------------
Reading SK-files:
  /home/machri/software/DFTB+_SK_files/matsci-0-3/Ti-Ti.skf
  /home/machri/software/DFTB+_SK_files/matsci-0-3/Ti-O.skf
  /home/machri/software/DFTB+_SK_files/matsci-0-3/O-Ti.skf
  /home/machri/software/DFTB+_SK_files/matsci-0-3/O-O.skf
Done.
WARNING!
-> The following 1 node(s) had been ignored by the parser:
(1)
Path: dftb_in/Hamiltonian/DFTB/Periodic
Line: 22-22 (File: dftb_in.hsd)



Processed input in HSD format written to 'dftb_pin.hsd'

Starting initialization...
--------------------------------------------------------------------------------
Mode:                        Conjugate gradient relaxation
Self consistent charges:     No
Spin polarisation:           No
Nr. of up electrons:            72.000000
Nr. of down electrons:          72.000000
Periodic boundaries:         Yes
Diagonalizer:                Relatively robust (version 1)
Nr. of moved atoms:                      27
Max. nr. of geometry steps:               0
Force tolerance:               0.100000E-03
Electronic temperature:        0.100000E-07
Included shells:             Ti:  s, p, d
                              O:  s, p
K-points and weights:           1: -0.250000  0.000000  0.000000     0.500000
                                2:  0.250000  0.000000  0.000000     0.500000
Extra options:
--------------------------------------------------------------------------------
 

********************************************************************************
** Geometry step: 0
********************************************************************************

 
 Total Energy:                     -70.7179029649 H
 Total Mermin free energy:         -70.7179029649 H
 Volume:                             0.882605E+04 au^3
 Pressure:                          -0.679946E-04 au    -0.200047E+10 Pa
 Maximal force component:            0.261482E-01
 
 Geometry converged
